This file contains any messages produced by compilers while
running configure, to aid debugging if configure makes a mistake.

It was created by ncdu configure 1.15.1, which was
generated by GNU Autoconf 2.71.  Invocation command line was

  $ ./configure

## --------- ##
## Platform. ##
## --------- ##

hostname = TI02
uname -m = x86_64
uname -r = 6.2.0-33-generic
uname -s = Linux
uname -v = #33~22.04.1-Ubuntu SMP PREEMPT_DYNAMIC Thu Sep  7 10:33:52 UTC 2

/usr/bin/uname -p = x86_64
/bin/uname -X     = unknown

/bin/arch              = x86_64
/usr/bin/arch -k       = unknown
/usr/convex/getsysinfo = unknown
/usr/bin/hostinfo      = unknown
/bin/machine           = unknown
/usr/bin/oslevel       = unknown
/bin/universe          = unknown

PATH: /usr/local/sbin/
PATH: /usr/local/bin/
PATH: /usr/sbin/
PATH: /usr/bin/
PATH: /sbin/
PATH: /bin/
PATH: /usr/games/
PATH: /usr/local/games/
PATH: /snap/bin/


## ----------- ##
## Core tests. ##
## ----------- ##

configure:2564: looking for aux files: compile missing install-sh
configure:2577:  trying ./
configure:2606:   ./compile found
configure:2606:   ./missing found
configure:2588:   ./install-sh found
configure:2738: checking for a BSD-compatible install
configure:2811: result: /usr/bin/install -c
configure:2822: checking whether build environment is sane
configure:2877: result: yes
configure:3036: checking for a race-free mkdir -p
configure:3080: result: /usr/bin/mkdir -p
configure:3087: checking for gawk
configure:3122: result: no
configure:3087: checking for mawk
configure:3108: found /usr/bin/mawk
configure:3119: result: mawk
configure:3130: checking whether make sets $(MAKE)
configure:3153: result: yes
configure:3183: checking whether make supports nested variables
configure:3201: result: yes
configure:3401: checking for gcc
configure:3422: found /usr/bin/gcc
configure:3433: result: gcc
configure:3786: checking for C compiler version
configure:3795: gcc --version >&5
gcc (Ubuntu 11.4.0-1ubuntu1~22.04) 11.4.0
Copyright (C) 2021 Free Software Foundation, Inc.
This is free software; see the source for copying conditions.  There is NO
warranty; not even for MERCHANTABILITY or FITNESS FOR A PARTICULAR PURPOSE.

configure:3806: $? = 0
configure:3795: gcc -v >&5
Using built-in specs.
COLLECT_GCC=gcc
COLLECT_LTO_WRAPPER=/usr/lib/gcc/x86_64-linux-gnu/11/lto-wrapper
OFFLOAD_TARGET_NAMES=nvptx-none:amdgcn-amdhsa
OFFLOAD_TARGET_DEFAULT=1
Target: x86_64-linux-gnu
Configured with: ../src/configure -v --with-pkgversion='Ubuntu 11.4.0-1ubuntu1~22.04' --with-bugurl=file:///usr/share/doc/gcc-11/README.Bugs --enable-languages=c,ada,c++,go,brig,d,fortran,objc,obj-c++,m2 --prefix=/usr --with-gcc-major-version-only --program-suffix=-11 --program-prefix=x86_64-linux-gnu- --enable-shared --enable-linker-build-id --libexecdir=/usr/lib --without-included-gettext --enable-threads=posix --libdir=/usr/lib --enable-nls --enable-bootstrap --enable-clocale=gnu --enable-libstdcxx-debug --enable-libstdcxx-time=yes --with-default-libstdcxx-abi=new --enable-gnu-unique-object --disable-vtable-verify --enable-plugin --enable-default-pie --with-system-zlib --enable-libphobos-checking=release --with-target-system-zlib=auto --enable-objc-gc=auto --enable-multiarch --disable-werror --enable-cet --with-arch-32=i686 --with-abi=m64 --with-multilib-list=m32,m64,mx32 --enable-multilib --with-tune=generic --enable-offload-targets=nvptx-none=/build/gcc-11-XeT9lY/gcc-11-11.4.0/debian/tmp-nvptx/usr,amdgcn-amdhsa=/build/gcc-11-XeT9lY/gcc-11-11.4.0/debian/tmp-gcn/usr --without-cuda-driver --enable-checking=release --build=x86_64-linux-gnu --host=x86_64-linux-gnu --target=x86_64-linux-gnu --with-build-config=bootstrap-lto-lean --enable-link-serialization=2
Thread model: posix
Supported LTO compression algorithms: zlib zstd
gcc version 11.4.0 (Ubuntu 11.4.0-1ubuntu1~22.04) 
... rest of stderr output deleted ...
configure:3806: $? = 0
configure:3795: gcc -V >&5
gcc: error: unrecognized command-line option '-V'
gcc: fatal error: no input files
compilation terminated.
configure:3806: $? = 1
configure:3795: gcc -qversion >&5
gcc: error: unrecognized command-line option '-qversion'; did you mean '--version'?
gcc: fatal error: no input files
compilation terminated.
configure:3806: $? = 1
configure:3795: gcc -version >&5
gcc: error: unrecognized command-line option '-version'
gcc: fatal error: no input files
compilation terminated.
configure:3806: $? = 1
configure:3826: checking whether the C compiler works
configure:3848: gcc    conftest.c  >&5
configure:3852: $? = 0
configure:3902: result: yes
configure:3905: checking for C compiler default output file name
configure:3907: result: a.out
configure:3913: checking for suffix of executables
configure:3920: gcc -o conftest    conftest.c  >&5
configure:3924: $? = 0
configure:3947: result: 
configure:3969: checking whether we are cross compiling
configure:3977: gcc -o conftest    conftest.c  >&5
configure:3981: $? = 0
configure:3988: ./conftest
configure:3992: $? = 0
configure:4007: result: no
configure:4012: checking for suffix of object files
configure:4035: gcc -c   conftest.c >&5
configure:4039: $? = 0
configure:4061: result: o
configure:4065: checking whether the compiler supports GNU C
configure:4085: gcc -c   conftest.c >&5
configure:4085: $? = 0
configure:4095: result: yes
configure:4106: checking whether gcc accepts -g
configure:4127: gcc -c -g  conftest.c >&5
configure:4127: $? = 0
configure:4171: result: yes
configure:4191: checking for gcc option to enable C11 features
configure:4206: gcc  -c -g -O2  conftest.c >&5
configure:4206: $? = 0
configure:4224: result: none needed
configure:4340: checking whether gcc understands -c and -o together
configure:4363: gcc -c conftest.c -o conftest2.o
configure:4366: $? = 0
configure:4363: gcc -c conftest.c -o conftest2.o
configure:4366: $? = 0
configure:4378: result: yes
configure:4398: checking whether make supports the include directive
configure:4413: make -f confmf.GNU && cat confinc.out
this is the am__doit target
configure:4416: $? = 0
configure:4435: result: yes (GNU style)
configure:4461: checking dependency style of gcc
configure:4573: result: gcc3
configure:4637: checking for ranlib
configure:4658: found /usr/bin/ranlib
configure:4669: result: ranlib
configure:4750: checking for pkg-config
configure:4773: found /usr/bin/pkg-config
configure:4785: result: /usr/bin/pkg-config
configure:4810: checking pkg-config is at least version 0.9.0
configure:4813: result: yes
configure:4828: checking for stdio.h
configure:4828: gcc -c -g -O2  conftest.c >&5
configure:4828: $? = 0
configure:4828: result: yes
configure:4828: checking for stdlib.h
configure:4828: gcc -c -g -O2  conftest.c >&5
configure:4828: $? = 0
configure:4828: result: yes
configure:4828: checking for string.h
configure:4828: gcc -c -g -O2  conftest.c >&5
configure:4828: $? = 0
configure:4828: result: yes
configure:4828: checking for inttypes.h
configure:4828: gcc -c -g -O2  conftest.c >&5
configure:4828: $? = 0
configure:4828: result: yes
configure:4828: checking for stdint.h
configure:4828: gcc -c -g -O2  conftest.c >&5
configure:4828: $? = 0
configure:4828: result: yes
configure:4828: checking for strings.h
configure:4828: gcc -c -g -O2  conftest.c >&5
configure:4828: $? = 0
configure:4828: result: yes
configure:4828: checking for sys/stat.h
configure:4828: gcc -c -g -O2  conftest.c >&5
configure:4828: $? = 0
configure:4828: result: yes
configure:4828: checking for sys/types.h
configure:4828: gcc -c -g -O2  conftest.c >&5
configure:4828: $? = 0
configure:4828: result: yes
configure:4828: checking for unistd.h
configure:4828: gcc -c -g -O2  conftest.c >&5
configure:4828: $? = 0
configure:4828: result: yes
configure:4856: checking for limits.h
configure:4856: gcc -c -g -O2  conftest.c >&5
configure:4856: $? = 0
configure:4856: result: yes
configure:4856: checking for sys/time.h
configure:4856: gcc -c -g -O2  conftest.c >&5
configure:4856: $? = 0
configure:4856: result: yes
configure:4856: checking for sys/types.h
configure:4856: result: yes
configure:4856: checking for sys/stat.h
configure:4856: result: yes
configure:4856: checking for dirent.h
configure:4856: gcc -c -g -O2  conftest.c >&5
configure:4856: $? = 0
configure:4856: result: yes
configure:4856: checking for unistd.h
configure:4856: result: yes
configure:4856: checking for fnmatch.h
configure:4856: gcc -c -g -O2  conftest.c >&5
configure:4856: $? = 0
configure:4856: result: yes
configure:4856: checking for ncurses.h
configure:4856: gcc -c -g -O2  conftest.c >&5
configure:4856: $? = 0
configure:4856: result: yes
configure:4869: checking for locale.h
configure:4869: gcc -c -g -O2  conftest.c >&5
configure:4869: $? = 0
configure:4869: result: yes
configure:4875: checking for sys/statfs.h
configure:4875: gcc -c -g -O2  conftest.c >&5
configure:4875: $? = 0
configure:4875: result: yes
configure:4881: checking for linux/magic.h
configure:4881: gcc -c -g -O2  conftest.c >&5
configure:4881: $? = 0
configure:4881: result: yes
configure:4890: checking for int64_t
configure:4890: gcc -c -g -O2  conftest.c >&5
configure:4890: $? = 0
configure:4890: gcc -c -g -O2  conftest.c >&5
conftest.c: In function 'main':
conftest.c:65:67: warning: integer overflow in expression of type 'long int' results in '-9223372036854775808' [-Woverflow]
   65 |                  < (int64_t) (((((int64_t) 1 << N) << N) - 1) * 2 + 2))];
      |                                                                   ^
conftest.c:64:12: error: storage size of 'test_array' isn't constant
   64 | static int test_array [1 - 2 * !((int64_t) (((((int64_t) 1 << N) << N) - 1) * 2 + 1)
      |            ^~~~~~~~~~
configure:4890: $? = 1
configure: failed program was:
| /* confdefs.h */
| #define PACKAGE_NAME "ncdu"
| #define PACKAGE_TARNAME "ncdu"
| #define PACKAGE_VERSION "1.15.1"
| #define PACKAGE_STRING "ncdu 1.15.1"
| #define PACKAGE_BUGREPORT "projects@yorhel.nl"
| #define PACKAGE_URL ""
| #define PACKAGE "ncdu"
| #define VERSION "1.15.1"
| #define HAVE_STDIO_H 1
| #define HAVE_STDLIB_H 1
| #define HAVE_STRING_H 1
| #define HAVE_INTTYPES_H 1
| #define HAVE_STDINT_H 1
| #define HAVE_STRINGS_H 1
| #define HAVE_SYS_STAT_H 1
| #define HAVE_SYS_TYPES_H 1
| #define HAVE_UNISTD_H 1
| #define STDC_HEADERS 1
| #define HAVE_LIMITS_H 1
| #define HAVE_SYS_TIME_H 1
| #define HAVE_SYS_TYPES_H 1
| #define HAVE_SYS_STAT_H 1
| #define HAVE_DIRENT_H 1
| #define HAVE_UNISTD_H 1
| #define HAVE_FNMATCH_H 1
| #define HAVE_NCURSES_H 1
| #define HAVE_LOCALE_H 1
| #define HAVE_SYS_STATFS_H 1
| #define HAVE_LINUX_MAGIC_H 1
| /* end confdefs.h.  */
| #include <stddef.h>
| #ifdef HAVE_STDIO_H
| # include <stdio.h>
| #endif
| #ifdef HAVE_STDLIB_H
| # include <stdlib.h>
| #endif
| #ifdef HAVE_STRING_H
| # include <string.h>
| #endif
| #ifdef HAVE_INTTYPES_H
| # include <inttypes.h>
| #endif
| #ifdef HAVE_STDINT_H
| # include <stdint.h>
| #endif
| #ifdef HAVE_STRINGS_H
| # include <strings.h>
| #endif
| #ifdef HAVE_SYS_TYPES_H
| # include <sys/types.h>
| #endif
| #ifdef HAVE_SYS_STAT_H
| # include <sys/stat.h>
| #endif
| #ifdef HAVE_UNISTD_H
| # include <unistd.h>
| #endif
| 	        enum { N = 64 / 2 - 1 };
| int
| main (void)
| {
| static int test_array [1 - 2 * !((int64_t) (((((int64_t) 1 << N) << N) - 1) * 2 + 1)
| 		 < (int64_t) (((((int64_t) 1 << N) << N) - 1) * 2 + 2))];
| test_array [0] = 0;
| return test_array [0];
| 
|   ;
|   return 0;
| }
configure:4890: result: yes
configure:4899: checking for uint64_t
configure:4899: gcc -c -g -O2  conftest.c >&5
configure:4899: $? = 0
configure:4899: result: yes
configure:4919: checking for special C compiler options needed for large files
configure:4967: result: no
configure:4973: checking for _FILE_OFFSET_BITS value needed for large files
configure:4999: gcc -c -g -O2  conftest.c >&5
configure:4999: $? = 0
configure:5033: result: no
configure:5115: checking for struct stat.st_blocks
configure:5115: gcc -c -g -O2  conftest.c >&5
configure:5115: $? = 0
configure:5115: result: yes
configure:5140: checking for getcwd
configure:5140: gcc -o conftest -g -O2   conftest.c  >&5
configure:5140: $? = 0
configure:5140: result: yes
configure:5140: checking for gettimeofday
configure:5140: gcc -o conftest -g -O2   conftest.c  >&5
configure:5140: $? = 0
configure:5140: result: yes
configure:5140: checking for fnmatch
configure:5140: gcc -o conftest -g -O2   conftest.c  >&5
configure:5140: $? = 0
configure:5140: result: yes
configure:5140: checking for chdir
configure:5140: gcc -o conftest -g -O2   conftest.c  >&5
configure:5140: $? = 0
configure:5140: result: yes
configure:5140: checking for rmdir
configure:5140: gcc -o conftest -g -O2   conftest.c  >&5
configure:5140: $? = 0
configure:5140: result: yes
configure:5140: checking for unlink
configure:5140: gcc -o conftest -g -O2   conftest.c  >&5
configure:5140: $? = 0
configure:5140: result: yes
configure:5140: checking for lstat
configure:5140: gcc -o conftest -g -O2   conftest.c  >&5
configure:5140: $? = 0
configure:5140: result: yes
configure:5140: checking for system
configure:5140: gcc -o conftest -g -O2   conftest.c  >&5
configure:5140: $? = 0
configure:5140: result: yes
configure:5140: checking for getenv
configure:5140: gcc -o conftest -g -O2   conftest.c  >&5
configure:5140: $? = 0
configure:5140: result: yes
configure:5153: checking for statfs
configure:5153: gcc -o conftest -g -O2   conftest.c  >&5
configure:5153: $? = 0
configure:5153: result: yes
configure:5161: checking for sys/attr.h
configure:5161: gcc -c -g -O2  conftest.c >&5
conftest.c:72:10: fatal error: sys/attr.h: No such file or directory
   72 | #include <sys/attr.h>
      |          ^~~~~~~~~~~~
compilation terminated.
configure:5161: $? = 1
configure: failed program was:
| /* confdefs.h */
| #define PACKAGE_NAME "ncdu"
| #define PACKAGE_TARNAME "ncdu"
| #define PACKAGE_VERSION "1.15.1"
| #define PACKAGE_STRING "ncdu 1.15.1"
| #define PACKAGE_BUGREPORT "projects@yorhel.nl"
| #define PACKAGE_URL ""
| #define PACKAGE "ncdu"
| #define VERSION "1.15.1"
| #define HAVE_STDIO_H 1
| #define HAVE_STDLIB_H 1
| #define HAVE_STRING_H 1
| #define HAVE_INTTYPES_H 1
| #define HAVE_STDINT_H 1
| #define HAVE_STRINGS_H 1
| #define HAVE_SYS_STAT_H 1
| #define HAVE_SYS_TYPES_H 1
| #define HAVE_UNISTD_H 1
| #define STDC_HEADERS 1
| #define HAVE_LIMITS_H 1
| #define HAVE_SYS_TIME_H 1
| #define HAVE_SYS_TYPES_H 1
| #define HAVE_SYS_STAT_H 1
| #define HAVE_DIRENT_H 1
| #define HAVE_UNISTD_H 1
| #define HAVE_FNMATCH_H 1
| #define HAVE_NCURSES_H 1
| #define HAVE_LOCALE_H 1
| #define HAVE_SYS_STATFS_H 1
| #define HAVE_LINUX_MAGIC_H 1
| #define HAVE_STRUCT_STAT_ST_BLOCKS 1
| #define HAVE_ST_BLOCKS 1
| #define HAVE_GETCWD 1
| #define HAVE_GETTIMEOFDAY 1
| #define HAVE_FNMATCH 1
| #define HAVE_CHDIR 1
| #define HAVE_RMDIR 1
| #define HAVE_UNLINK 1
| #define HAVE_LSTAT 1
| #define HAVE_SYSTEM 1
| #define HAVE_GETENV 1
| #define HAVE_STATFS 1
| /* end confdefs.h.  */
| #include <stddef.h>
| #ifdef HAVE_STDIO_H
| # include <stdio.h>
| #endif
| #ifdef HAVE_STDLIB_H
| # include <stdlib.h>
| #endif
| #ifdef HAVE_STRING_H
| # include <string.h>
| #endif
| #ifdef HAVE_INTTYPES_H
| # include <inttypes.h>
| #endif
| #ifdef HAVE_STDINT_H
| # include <stdint.h>
| #endif
| #ifdef HAVE_STRINGS_H
| # include <strings.h>
| #endif
| #ifdef HAVE_SYS_TYPES_H
| # include <sys/types.h>
| #endif
| #ifdef HAVE_SYS_STAT_H
| # include <sys/stat.h>
| #endif
| #ifdef HAVE_UNISTD_H
| # include <unistd.h>
| #endif
| #include <sys/attr.h>
configure:5161: result: no
configure:5169: checking for getattrlist
configure:5169: gcc -o conftest -g -O2   conftest.c  >&5
/usr/bin/ld: /tmp/cc8RiX71.o: in function `main':
/run/timeshift/backup/Programacao/ncdumod/conftest.c:71: undefined reference to `getattrlist'
collect2: error: ld returned 1 exit status
configure:5169: $? = 1
configure: failed program was:
| /* confdefs.h */
| #define PACKAGE_NAME "ncdu"
| #define PACKAGE_TARNAME "ncdu"
| #define PACKAGE_VERSION "1.15.1"
| #define PACKAGE_STRING "ncdu 1.15.1"
| #define PACKAGE_BUGREPORT "projects@yorhel.nl"
| #define PACKAGE_URL ""
| #define PACKAGE "ncdu"
| #define VERSION "1.15.1"
| #define HAVE_STDIO_H 1
| #define HAVE_STDLIB_H 1
| #define HAVE_STRING_H 1
| #define HAVE_INTTYPES_H 1
| #define HAVE_STDINT_H 1
| #define HAVE_STRINGS_H 1
| #define HAVE_SYS_STAT_H 1
| #define HAVE_SYS_TYPES_H 1
| #define HAVE_UNISTD_H 1
| #define STDC_HEADERS 1
| #define HAVE_LIMITS_H 1
| #define HAVE_SYS_TIME_H 1
| #define HAVE_SYS_TYPES_H 1
| #define HAVE_SYS_STAT_H 1
| #define HAVE_DIRENT_H 1
| #define HAVE_UNISTD_H 1
| #define HAVE_FNMATCH_H 1
| #define HAVE_NCURSES_H 1
| #define HAVE_LOCALE_H 1
| #define HAVE_SYS_STATFS_H 1
| #define HAVE_LINUX_MAGIC_H 1
| #define HAVE_STRUCT_STAT_ST_BLOCKS 1
| #define HAVE_ST_BLOCKS 1
| #define HAVE_GETCWD 1
| #define HAVE_GETTIMEOFDAY 1
| #define HAVE_FNMATCH 1
| #define HAVE_CHDIR 1
| #define HAVE_RMDIR 1
| #define HAVE_UNLINK 1
| #define HAVE_LSTAT 1
| #define HAVE_SYSTEM 1
| #define HAVE_GETENV 1
| #define HAVE_STATFS 1
| /* end confdefs.h.  */
| /* Define getattrlist to an innocuous variant, in case <limits.h> declares getattrlist.
|    For example, HP-UX 11i <limits.h> declares gettimeofday.  */
| #define getattrlist innocuous_getattrlist
| 
| /* System header to define __stub macros and hopefully few prototypes,
|    which can conflict with char getattrlist (); below.  */
| 
| #include <limits.h>
| #undef getattrlist
| 
| /* Override any GCC internal prototype to avoid an error.
|    Use char because int might match the return type of a GCC
|    builtin and then its argument prototype would still apply.  */
| #ifdef __cplusplus
| extern "C"
| #endif
| char getattrlist ();
| /* The GNU C library defines this for functions which it implements
|     to always fail with ENOSYS.  Some functions are actually named
|     something starting with __ and the normal name is an alias.  */
| #if defined __stub_getattrlist || defined __stub___getattrlist
| choke me
| #endif
| 
| int
| main (void)
| {
| return getattrlist ();
|   ;
|   return 0;
| }
configure:5169: result: no
configure:5177: checking for gcc options needed to detect all undeclared functions
configure:5199: gcc -c -g -O2   conftest.c >&5
conftest.c: In function 'main':
conftest.c:48:8: error: 'strchr' undeclared (first use in this function)
   48 | (void) strchr;
      |        ^~~~~~
conftest.c:1:1: note: 'strchr' is defined in header '<string.h>'; did you forget to '#include <string.h>'?
    1 | /* confdefs.h */
conftest.c:48:8: note: each undeclared identifier is reported only once for each function it appears in
   48 | (void) strchr;
      |        ^~~~~~
configure:5199: $? = 1
configure: failed program was:
| /* confdefs.h */
| #define PACKAGE_NAME "ncdu"
| #define PACKAGE_TARNAME "ncdu"
| #define PACKAGE_VERSION "1.15.1"
| #define PACKAGE_STRING "ncdu 1.15.1"
| #define PACKAGE_BUGREPORT "projects@yorhel.nl"
| #define PACKAGE_URL ""
| #define PACKAGE "ncdu"
| #define VERSION "1.15.1"
| #define HAVE_STDIO_H 1
| #define HAVE_STDLIB_H 1
| #define HAVE_STRING_H 1
| #define HAVE_INTTYPES_H 1
| #define HAVE_STDINT_H 1
| #define HAVE_STRINGS_H 1
| #define HAVE_SYS_STAT_H 1
| #define HAVE_SYS_TYPES_H 1
| #define HAVE_UNISTD_H 1
| #define STDC_HEADERS 1
| #define HAVE_LIMITS_H 1
| #define HAVE_SYS_TIME_H 1
| #define HAVE_SYS_TYPES_H 1
| #define HAVE_SYS_STAT_H 1
| #define HAVE_DIRENT_H 1
| #define HAVE_UNISTD_H 1
| #define HAVE_FNMATCH_H 1
| #define HAVE_NCURSES_H 1
| #define HAVE_LOCALE_H 1
| #define HAVE_SYS_STATFS_H 1
| #define HAVE_LINUX_MAGIC_H 1
| #define HAVE_STRUCT_STAT_ST_BLOCKS 1
| #define HAVE_ST_BLOCKS 1
| #define HAVE_GETCWD 1
| #define HAVE_GETTIMEOFDAY 1
| #define HAVE_FNMATCH 1
| #define HAVE_CHDIR 1
| #define HAVE_RMDIR 1
| #define HAVE_UNLINK 1
| #define HAVE_LSTAT 1
| #define HAVE_SYSTEM 1
| #define HAVE_GETENV 1
| #define HAVE_STATFS 1
| /* end confdefs.h.  */
| 
| int
| main (void)
| {
| (void) strchr;
|   ;
|   return 0;
| }
configure:5226: gcc -c -g -O2   conftest.c >&5
configure:5226: $? = 0
configure:5243: result: none needed
configure:5257: checking whether ATTR_CMNEXT_NOFIRMLINKPATH is declared
configure:5257: gcc -c -g -O2   conftest.c >&5
conftest.c:44:10: fatal error: sys/attr.h: No such file or directory
   44 | #include <sys/attr.h>
      |          ^~~~~~~~~~~~
compilation terminated.
configure:5257: $? = 1
configure: failed program was:
| /* confdefs.h */
| #define PACKAGE_NAME "ncdu"
| #define PACKAGE_TARNAME "ncdu"
| #define PACKAGE_VERSION "1.15.1"
| #define PACKAGE_STRING "ncdu 1.15.1"
| #define PACKAGE_BUGREPORT "projects@yorhel.nl"
| #define PACKAGE_URL ""
| #define PACKAGE "ncdu"
| #define VERSION "1.15.1"
| #define HAVE_STDIO_H 1
| #define HAVE_STDLIB_H 1
| #define HAVE_STRING_H 1
| #define HAVE_INTTYPES_H 1
| #define HAVE_STDINT_H 1
| #define HAVE_STRINGS_H 1
| #define HAVE_SYS_STAT_H 1
| #define HAVE_SYS_TYPES_H 1
| #define HAVE_UNISTD_H 1
| #define STDC_HEADERS 1
| #define HAVE_LIMITS_H 1
| #define HAVE_SYS_TIME_H 1
| #define HAVE_SYS_TYPES_H 1
| #define HAVE_SYS_STAT_H 1
| #define HAVE_DIRENT_H 1
| #define HAVE_UNISTD_H 1
| #define HAVE_FNMATCH_H 1
| #define HAVE_NCURSES_H 1
| #define HAVE_LOCALE_H 1
| #define HAVE_SYS_STATFS_H 1
| #define HAVE_LINUX_MAGIC_H 1
| #define HAVE_STRUCT_STAT_ST_BLOCKS 1
| #define HAVE_ST_BLOCKS 1
| #define HAVE_GETCWD 1
| #define HAVE_GETTIMEOFDAY 1
| #define HAVE_FNMATCH 1
| #define HAVE_CHDIR 1
| #define HAVE_RMDIR 1
| #define HAVE_UNLINK 1
| #define HAVE_LSTAT 1
| #define HAVE_SYSTEM 1
| #define HAVE_GETENV 1
| #define HAVE_STATFS 1
| /* end confdefs.h.  */
| #include <sys/attr.h>
| 
| int
| main (void)
| {
| #ifndef ATTR_CMNEXT_NOFIRMLINKPATH
| #ifdef __cplusplus
|   (void) ATTR_CMNEXT_NOFIRMLINKPATH;
| #else
|   (void) ATTR_CMNEXT_NOFIRMLINKPATH;
| #endif
| #endif
| 
|   ;
|   return 0;
| }
configure:5257: result: no
configure:5287: checking for ncursesw
configure:5294: $PKG_CONFIG --exists --print-errors "ncursesw"
configure:5297: $? = 0
configure:5311: $PKG_CONFIG --exists --print-errors "ncursesw"
configure:5314: $? = 0
configure:5436: result: yes
configure:5609: Using /bin/sh as the default shell if $SHELL is not set
configure:5719: checking that generated files are newer than configure
configure:5725: result: done
configure:5748: creating ./config.status

## ---------------------- ##
## Running config.status. ##
## ---------------------- ##

This file was extended by ncdu config.status 1.15.1, which was
generated by GNU Autoconf 2.71.  Invocation command line was

  CONFIG_FILES    = 
  CONFIG_HEADERS  = 
  CONFIG_LINKS    = 
  CONFIG_COMMANDS = 
  $ ./config.status 

on TI02

config.status:877: creating Makefile
config.status:877: creating config.h
config.status:1058: config.h is unchanged
config.status:1106: executing depfiles commands
config.status:1183: cd .       && sed -e '/# am--include-marker/d' Makefile         | make -f - am--depfiles
make: Nothing to be done for 'am--depfiles'.
config.status:1188: $? = 0

## ---------------- ##
## Cache variables. ##
## ---------------- ##

ac_cv_c_compiler_gnu=yes
ac_cv_c_int64_t=yes
ac_cv_c_uint64_t=yes
ac_cv_c_undeclared_builtin_options='none needed'
ac_cv_env_CC_set=
ac_cv_env_CC_value=
ac_cv_env_CFLAGS_set=
ac_cv_env_CFLAGS_value=
ac_cv_env_CPPFLAGS_set=
ac_cv_env_CPPFLAGS_value=
ac_cv_env_LDFLAGS_set=
ac_cv_env_LDFLAGS_value=
ac_cv_env_LIBS_set=
ac_cv_env_LIBS_value=
ac_cv_env_NCURSES_CFLAGS_set=
ac_cv_env_NCURSES_CFLAGS_value=
ac_cv_env_NCURSES_LIBS_set=
ac_cv_env_NCURSES_LIBS_value=
ac_cv_env_PKG_CONFIG_LIBDIR_set=
ac_cv_env_PKG_CONFIG_LIBDIR_value=
ac_cv_env_PKG_CONFIG_PATH_set=
ac_cv_env_PKG_CONFIG_PATH_value=
ac_cv_env_PKG_CONFIG_set=
ac_cv_env_PKG_CONFIG_value=
ac_cv_env_build_alias_set=
ac_cv_env_build_alias_value=
ac_cv_env_host_alias_set=
ac_cv_env_host_alias_value=
ac_cv_env_target_alias_set=
ac_cv_env_target_alias_value=
ac_cv_func_chdir=yes
ac_cv_func_fnmatch=yes
ac_cv_func_getattrlist=no
ac_cv_func_getcwd=yes
ac_cv_func_getenv=yes
ac_cv_func_gettimeofday=yes
ac_cv_func_lstat=yes
ac_cv_func_rmdir=yes
ac_cv_func_statfs=yes
ac_cv_func_system=yes
ac_cv_func_unlink=yes
ac_cv_have_decl_ATTR_CMNEXT_NOFIRMLINKPATH=no
ac_cv_header_dirent_h=yes
ac_cv_header_fnmatch_h=yes
ac_cv_header_inttypes_h=yes
ac_cv_header_limits_h=yes
ac_cv_header_linux_magic_h=yes
ac_cv_header_locale_h=yes
ac_cv_header_ncurses_h=yes
ac_cv_header_stdint_h=yes
ac_cv_header_stdio_h=yes
ac_cv_header_stdlib_h=yes
ac_cv_header_string_h=yes
ac_cv_header_strings_h=yes
ac_cv_header_sys_attr_h=no
ac_cv_header_sys_stat_h=yes
ac_cv_header_sys_statfs_h=yes
ac_cv_header_sys_time_h=yes
ac_cv_header_sys_types_h=yes
ac_cv_header_unistd_h=yes
ac_cv_member_struct_stat_st_blocks=yes
ac_cv_objext=o
ac_cv_path_ac_pt_PKG_CONFIG=/usr/bin/pkg-config
ac_cv_path_install='/usr/bin/install -c'
ac_cv_path_mkdir=/usr/bin/mkdir
ac_cv_prog_AWK=mawk
ac_cv_prog_ac_ct_CC=gcc
ac_cv_prog_ac_ct_RANLIB=ranlib
ac_cv_prog_cc_c11=
ac_cv_prog_cc_g=yes
ac_cv_prog_cc_stdc=
ac_cv_prog_make_make_set=yes
ac_cv_sys_file_offset_bits=no
ac_cv_sys_largefile_CC=no
am_cv_CC_dependencies_compiler_type=gcc3
am_cv_make_support_nested_variables=yes
am_cv_prog_cc_c_o=yes
pkg_cv_NCURSES_CFLAGS='-D_DEFAULT_SOURCE -D_XOPEN_SOURCE=600'
pkg_cv_NCURSES_LIBS='-lncursesw -ltinfo'

## ----------------- ##
## Output variables. ##
## ----------------- ##

ACLOCAL='${SHELL} '\''/run/timeshift/backup/Programacao/ncdumod/missing'\'' aclocal-1.16'
AMDEPBACKSLASH='\'
AMDEP_FALSE='#'
AMDEP_TRUE=''
AMTAR='$${TAR-tar}'
AM_BACKSLASH='\'
AM_DEFAULT_V='$(AM_DEFAULT_VERBOSITY)'
AM_DEFAULT_VERBOSITY='1'
AM_V='$(V)'
AUTOCONF='${SHELL} '\''/run/timeshift/backup/Programacao/ncdumod/missing'\'' autoconf'
AUTOHEADER='${SHELL} '\''/run/timeshift/backup/Programacao/ncdumod/missing'\'' autoheader'
AUTOMAKE='${SHELL} '\''/run/timeshift/backup/Programacao/ncdumod/missing'\'' automake-1.16'
AWK='mawk'
CC='gcc'
CCDEPMODE='depmode=gcc3'
CFLAGS='-g -O2'
CPPFLAGS=''
CSCOPE='cscope'
CTAGS='ctags'
CYGPATH_W='echo'
DEFS='-DHAVE_CONFIG_H'
DEPDIR='.deps'
ECHO_C=''
ECHO_N='-n'
ECHO_T=''
ETAGS='etags'
EXEEXT=''
INSTALL_DATA='${INSTALL} -m 644'
INSTALL_PROGRAM='${INSTALL}'
INSTALL_SCRIPT='${INSTALL}'
INSTALL_STRIP_PROGRAM='$(install_sh) -c -s'
LDFLAGS=''
LIBOBJS=''
LIBS=' -lncursesw -ltinfo'
LTLIBOBJS=''
MAKEINFO='${SHELL} '\''/run/timeshift/backup/Programacao/ncdumod/missing'\'' makeinfo'
MKDIR_P='/usr/bin/mkdir -p'
NCURSES_CFLAGS='-D_DEFAULT_SOURCE -D_XOPEN_SOURCE=600'
NCURSES_LIBS='-lncursesw -ltinfo'
OBJEXT='o'
PACKAGE='ncdu'
PACKAGE_BUGREPORT='projects@yorhel.nl'
PACKAGE_NAME='ncdu'
PACKAGE_STRING='ncdu 1.15.1'
PACKAGE_TARNAME='ncdu'
PACKAGE_URL=''
PACKAGE_VERSION='1.15.1'
PATH_SEPARATOR=':'
PKG_CONFIG='/usr/bin/pkg-config'
PKG_CONFIG_LIBDIR=''
PKG_CONFIG_PATH=''
RANLIB='ranlib'
SET_MAKE=''
SHELL='/bin/bash'
STRIP=''
VERSION='1.15.1'
ac_ct_CC='gcc'
am__EXEEXT_FALSE=''
am__EXEEXT_TRUE='#'
am__fastdepCC_FALSE='#'
am__fastdepCC_TRUE=''
am__include='include'
am__isrc=''
am__leading_dot='.'
am__nodep='_no'
am__quote=''
am__tar='$${TAR-tar} chof - "$$tardir"'
am__untar='$${TAR-tar} xf -'
bindir='${exec_prefix}/bin'
build_alias=''
datadir='${datarootdir}'
datarootdir='${prefix}/share'
docdir='${datarootdir}/doc/${PACKAGE_TARNAME}'
dvidir='${docdir}'
exec_prefix='${prefix}'
host_alias=''
htmldir='${docdir}'
includedir='${prefix}/include'
infodir='${datarootdir}/info'
install_sh='${SHELL} /run/timeshift/backup/Programacao/ncdumod/install-sh'
libdir='${exec_prefix}/lib'
libexecdir='${exec_prefix}/libexec'
localedir='${datarootdir}/locale'
localstatedir='${prefix}/var'
mandir='${datarootdir}/man'
mkdir_p='$(MKDIR_P)'
oldincludedir='/usr/include'
pdfdir='${docdir}'
prefix='/usr/local'
program_transform_name='s,x,x,'
psdir='${docdir}'
runstatedir='${localstatedir}/run'
sbindir='${exec_prefix}/sbin'
sharedstatedir='${prefix}/com'
sysconfdir='${prefix}/etc'
target_alias=''

## ----------- ##
## confdefs.h. ##
## ----------- ##

/* confdefs.h */
#define PACKAGE_NAME "ncdu"
#define PACKAGE_TARNAME "ncdu"
#define PACKAGE_VERSION "1.15.1"
#define PACKAGE_STRING "ncdu 1.15.1"
#define PACKAGE_BUGREPORT "projects@yorhel.nl"
#define PACKAGE_URL ""
#define PACKAGE "ncdu"
#define VERSION "1.15.1"
#define HAVE_STDIO_H 1
#define HAVE_STDLIB_H 1
#define HAVE_STRING_H 1
#define HAVE_INTTYPES_H 1
#define HAVE_STDINT_H 1
#define HAVE_STRINGS_H 1
#define HAVE_SYS_STAT_H 1
#define HAVE_SYS_TYPES_H 1
#define HAVE_UNISTD_H 1
#define STDC_HEADERS 1
#define HAVE_LIMITS_H 1
#define HAVE_SYS_TIME_H 1
#define HAVE_SYS_TYPES_H 1
#define HAVE_SYS_STAT_H 1
#define HAVE_DIRENT_H 1
#define HAVE_UNISTD_H 1
#define HAVE_FNMATCH_H 1
#define HAVE_NCURSES_H 1
#define HAVE_LOCALE_H 1
#define HAVE_SYS_STATFS_H 1
#define HAVE_LINUX_MAGIC_H 1
#define HAVE_STRUCT_STAT_ST_BLOCKS 1
#define HAVE_ST_BLOCKS 1
#define HAVE_GETCWD 1
#define HAVE_GETTIMEOFDAY 1
#define HAVE_FNMATCH 1
#define HAVE_CHDIR 1
#define HAVE_RMDIR 1
#define HAVE_UNLINK 1
#define HAVE_LSTAT 1
#define HAVE_SYSTEM 1
#define HAVE_GETENV 1
#define HAVE_STATFS 1
#define HAVE_DECL_ATTR_CMNEXT_NOFIRMLINKPATH 0
#define DEFAULT_SHELL "/bin/sh"

configure: exit 0
